<?xml version="1.0" encoding="UTF-8"?>
<!-- Generated by org.testng.reporters.JUnitReportReporter -->
<testsuite hostname="DESKTOP-63U5BV0" failures="0" tests="2" name="qaclickacademy.AppiumTest" time="0.012" errors="0" timestamp="2022-06-10T11:38:35 JST" skipped="0">
  <testcase classname="qaclickacademy.AppiumTest" name="NativeAppAndroid" time="0.011"/>
  <system-out/>
  <testcase classname="qaclickacademy.AppiumTest" name="iOSApps" time="0.001"/>
  <system-out/>
</testsuite> <!-- qaclickacademy.AppiumTest -->
